"../../../../../UE4_projects/Somnium_Dev_TT/Content/Geometry/Meshes/CubeMaterial.uasset" 0
"../../../../../UE4_projects/Somnium_Dev_TT/Content/Geometry/Meshes/1M_Cube_Chamfer.uasset" 1
"../../../../../UE4_projects/Somnium_Dev_TT/Content/Mannequin/Character/Mesh/SK_Mannequin_Skeleton.uasset" 2
"../../../../../UE4_projects/Somnium_Dev_TT/Content/Mannequin/Animations/ThirdPerson_Jump.uasset" 3
"../../../../../UE4_projects/Somnium_Dev_TT/Content/Mannequin/Character/Mesh/SK_Mannequin_PhysicsAsset.uasset" 4
"../../../Engine/Content/EngineMaterials/T_Default_Material_Grid_N.uasset" 5
"../../../Engine/Content/EngineMaterials/T_Default_Material_Grid_M.uasset" 6
"../../../Engine/Content/Functions/Engine_MaterialFunctions01/Opacity/CameraDepthFade.uasset" 7
"../../../Engine/Content/EngineMaterials/DefaultMaterial.uasset" 8
"../../../Engine/Content/BasicShapes/Sphere.uasset" 9
"../../../Engine/Content/BasicShapes/BasicShapeMaterial.uasset" 10
"../../../../../UE4_projects/Somnium_Dev_TT/Content/ScoreSphere/BP_ScoreSphere.uasset" 11
"../../../../../UE4_projects/Somnium_Dev_TT/Content/Spawner/BP_ItemSpawner.uasset" 12
"../../../../../UE4_projects/Somnium_Dev_TT/Content/Spawner/ItemSpawner.uasset" 13
"../../../../../UE4_projects/Somnium_Dev_TT/Content/ThirdPerson/Meshes/RampMaterial.uasset" 14
"../../../../../UE4_projects/Somnium_Dev_TT/Content/ThirdPerson/Meshes/Bump_StaticMesh.uasset" 15
"../../../../../UE4_projects/Somnium_Dev_TT/Content/ThirdPerson/Meshes/LeftArm_StaticMesh.uasset" 16
"../../../../../UE4_projects/Somnium_Dev_TT/Content/ThirdPerson/Meshes/Linear_Stair_StaticMesh.uasset" 17
"../../../../../UE4_projects/Somnium_Dev_TT/Content/ThirdPerson/Meshes/Ramp_StaticMesh.uasset" 18
"../../../../../UE4_projects/Somnium_Dev_TT/Content/ThirdPerson/Meshes/RightArm_StaticMesh.uasset" 19
"../../../Engine/Content/Animation/DefaultAnimBoneCompressionSettings.uasset" 20
"../../../Engine/Content/Animation/DefaultAnimCurveCompressionSettings.uasset" 21
"../../../Engine/Content/EngineMaterials/WorldGridMaterial.uasset" 22
"../../../Engine/Content/ArtTools/RenderToTexture/Meshes/S_1_Unit_Plane.uasset" 23
"../../../Engine/Content/BasicShapes/Cone.uasset" 24
"../../../Engine/Content/BasicShapes/Plane.uasset" 25
"../../../Engine/Content/EditorLandscapeResources/DataLayer.uasset" 26
"../../../Engine/Content/EditorLandscapeResources/DefaultAlphaTexture.uasset" 27
"../../../Engine/Content/EditorMaterials/MAT_Groups_Toggle.uasset" 28
"../../../Engine/Content/EditorMaterials/MAT_Groups_Visibility.uasset" 29
"../../../Engine/Content/EditorMaterials/PreviewShadowIndicator.uasset" 30
"../../../Engine/Content/EditorMaterials/PreviewShadowIndicatorMaterial.uasset" 31
"../../../Engine/Content/EditorMaterials/MatineeGroups/MAT_ColorTrack.uasset" 32
"../../../Engine/Content/EditorMaterials/MatineeGroups/MAT_Groups_Anim.uasset" 33
"../../../Engine/Content/EditorMaterials/MatineeGroups/MAT_Groups_AudioMaster.uasset" 34
"../../../Engine/Content/EditorMaterials/MatineeGroups/MAT_Groups_Director.uasset" 35
"../../../Engine/Content/EditorMaterials/MatineeGroups/MAT_Groups_Event.uasset" 36
"../../../Engine/Content/EditorMaterials/MatineeGroups/MAT_Groups_Fade.uasset" 37
"../../../Engine/Content/EditorMaterials/MatineeGroups/MAT_Groups_Float.uasset" 38
"../../../Engine/Content/EditorMaterials/MatineeGroups/MAT_Groups_Move.uasset" 39
"../../../Engine/Content/EditorMaterials/MatineeGroups/MAT_Groups_Slomo.uasset" 40
"../../../Engine/Content/EditorMaterials/MatineeGroups/MAT_Groups_Sound.uasset" 41
"../../../Engine/Content/EditorMaterials/MatineeGroups/MAT_Groups_Vector.uasset" 42
"../../../Engine/Content/EditorMaterials/ParticleSystems/PSysThumbnail_NoImage.uasset" 43
"../../../Engine/Content/EditorMaterials/ParticleSystems/PSysThumbnail_OOD.uasset" 44
"../../../Engine/Content/EditorMaterials/Camera/CineMat.uasset" 45
"../../../Engine/Content/EditorMaterials/Camera/MI_CineMat_Rig.uasset" 46
"../../../Engine/Content/EditorMeshes/Camera/SM_CraneRig_Arm.uasset" 47
"../../../Engine/Content/EditorMeshes/Camera/SM_CraneRig_Base.uasset" 48
"../../../Engine/Content/EditorMeshes/Camera/SM_CraneRig_Body.uasset" 49
"../../../Engine/Content/EditorMeshes/Camera/SM_CraneRig_Mount.uasset" 50
"../../../Engine/Content/EditorMeshes/Camera/SM_RailRig_Mount.uasset" 51
"../../../Engine/Content/EditorMeshes/Camera/SM_RailRig_Track.uasset" 52
"../../../Engine/Content/EditorResources/BSPVertex.uasset" 53
"../../../Engine/Content/EditorResources/EmptyActor.uasset" 54
"../../../Engine/Content/EditorResources/S_Actor.uasset" 55
"../../../Engine/Content/EditorResources/S_Note.uasset" 56
"../../../Engine/Content/EditorResources/S_Solver.uasset" 57
"../../../Engine/Content/EditorResources/S_Terrain.uasset" 58
"../../../Engine/Content/EditorResources/S_Trigger.uasset" 59
"../../../Engine/Content/EditorResources/LightIcons/S_LightError.uasset" 60
"../../../Engine/Content/EditorResources/SequenceRecorder/Countdown.uasset" 61
"../../../Engine/Content/EditorResources/SequenceRecorder/RecordingIndicator.uasset" 62
"../../../Engine/Content/EngineDamageTypes/DmgTypeBP_Environmental.uasset" 63
"../../../Engine/Content/EngineDebugMaterials/DebugEditorMaterial.uasset" 64
"../../../Engine/Content/EngineDebugMaterials/DebugMeshMaterial.uasset" 65
"../../../Engine/Content/EngineDebugMaterials/M_SimpleUnlitTranslucent.uasset" 66
"../../../Engine/Content/Functions/Engine_MaterialFunctions02/Utility/CameraDirectionVector.uasset" 67
"../../../Engine/Content/EngineDebugMaterials/VolumeToRender.uasset" 68
"../../../Engine/Content/EngineDebugMaterials/M_VolumeRenderSphereTracePP.uasset" 69
"../../../Engine/Content/Functions/Engine_MaterialFunctions01/Shading/ConvertFromDiffSpec.uasset" 70
"../../../Engine/Content/EngineDebugMaterials/VertexColorMaterial.uasset" 71
"../../../Engine/Content/EngineDebugMaterials/WireframeMaterial.uasset" 72
"../../../Engine/Content/EngineFonts/Faces/RobotoRegular.uasset" 73
"../../../Engine/Content/EngineFonts/Faces/RobotoLight.uasset" 74
"../../../Engine/Content/EngineFonts/Faces/RobotoItalic.uasset" 75
"../../../Engine/Content/EngineFonts/Faces/RobotoBoldItalic.uasset" 76
"../../../Engine/Content/EngineFonts/Faces/RobotoBold.uasset" 77
"../../../Engine/Content/EngineFonts/Faces/DroidSansFallback.uasset" 78
"../../../Engine/Content/EngineFonts/Roboto.uasset" 79
"../../../Engine/Content/EngineMaterials/BaseFlattenNormalMap.uasset" 80
"../../../Engine/Content/EngineMaterials/BaseFlattenGrayscaleMap.uasset" 81
"../../../Engine/Content/EngineMaterials/BaseFlattenEmissiveMap.uasset" 82
"../../../Engine/Content/EngineMaterials/BaseFlattenDiffuseMap.uasset" 83
"../../../Engine/Content/EngineMaterials/BaseFlattenMaterial.uasset" 84
"../../../Engine/Content/EngineMaterials/BlueNoise.uasset" 85
"../../../Engine/Content/EngineMaterials/DefaultBloomKernel.uasset" 86
"../../../Engine/Content/EngineMaterials/DefaultBokeh.uasset" 87
"../../../Engine/Content/EngineMaterials/DefaultDiffuse.uasset" 88
"../../../Engine/Content/EngineMaterials/DefaultDeferredDecalMaterial.uasset" 89
"../../../Engine/Content/EngineMaterials/DefaultLightFunctionMaterial.uasset" 90
"../../../Engine/Content/EngineMaterials/DefaultPhysicalMaterial.uasset" 91
"../../../Engine/Content/Functions/Engine_MaterialFunctions02/Utility/BreakOutFloat2Components.uasset" 92
"../../../Engine/Content/EngineMaterials/DefaultPostProcessMaterial.uasset" 93
"../../../Engine/Content/EngineFonts/RobotoDistanceField.uasset" 94
"../../../Engine/Content/EngineMaterials/DefaultTextMaterialOpaque.uasset" 95
"../../../Engine/Content/EngineMaterials/DefaultWhiteGrid.uasset" 96
"../../../Engine/Content/EngineMaterials/DefaultWhiteGrid_Low.uasset" 97
"../../../Engine/Content/EngineMaterials/EmissiveMeshMaterial.uasset" 98
"../../../Engine/Content/EngineMaterials/GizmoMaterial.uasset" 99
"../../../Engine/Content/EngineMaterials/Good64x64TilingNoiseHighFreq.uasset" 100
"../../../Engine/Content/EngineMaterials/MiniFont.uasset" 101
"../../../Engine/Content/EngineMaterials/InvalidLightmapSettings.uasset" 102
"../../../Engine/Content/EngineMaterials/M_InvalidLightmapSettings.uasset" 103
"../../../Engine/Content/Functions/Engine_MaterialFunctions02/WorldPositionOffset/CameraOffset.uasset" 104
"../../../Engine/Content/EngineMaterials/PhAT_JointLimitMaterial.uasset" 105
"../../../Engine/Content/EngineMaterials/PreintegratedSkinBRDF.uasset" 106
"../../../Engine/Content/EngineMaterials/RemoveSurfaceMaterial.uasset" 107
"../../../Engine/Content/EngineMaterials/WeightMapPlaceholderTexture.uasset" 108
"../../../Engine/Content/EngineResources/WhiteSquareTexture.uasset" 109
"../../../Engine/Content/EngineMaterials/Widget3DPassThrough.uasset" 110
"../../../Engine/Content/EngineMaterials/Widget3DPassThrough_Masked.uasset" 111
"../../../Engine/Content/EngineMaterials/Widget3DPassThrough_Opaque.uasset" 112
"../../../Engine/Content/EngineMaterials/Widget3DPassThrough_Masked_OneSided.uasset" 113
"../../../Engine/Content/EngineMaterials/Widget3DPassThrough_Opaque_OneSided.uasset" 114
"../../../Engine/Content/EngineMaterials/Widget3DPassThrough_Translucent.uasset" 115
"../../../Engine/Content/EngineMaterials/Widget3DPassThrough_Translucent_OneSided.uasset" 116
"../../../Engine/Content/EngineMeshes/Cylinder.uasset" 117
"../../../Engine/Content/EngineMeshes/Sphere.uasset" 118
"../../../Engine/Content/EngineResources/Black.uasset" 119
"../../../Engine/Content/EngineResources/DefaultTextureCube.uasset" 120
"../../../Engine/Content/EngineResources/DefaultVolumeTexture2D.uasset" 121
"../../../Engine/Content/EngineResources/DefaultVolumeTexture.uasset" 122
"../../../Engine/Content/EngineResources/GradientTexture0.uasset" 123
"../../../Engine/Content/EngineSky/VolumetricClouds/T_NoiseShape64.uasset" 124
"../../../Engine/Content/EngineSky/VolumetricClouds/T_VolumeNoiseShape64.uasset" 125
"../../../Engine/Content/EngineSky/VolumetricClouds/T_NoiseErosion.uasset" 126
"../../../Engine/Content/EngineSky/VolumetricClouds/T_VolumeNoiseErosion32.uasset" 127
"../../../Engine/Content/Functions/Engine_MaterialFunctions02/Utility/MakeFloat2.uasset" 128
"../../../Engine/Content/EngineSky/VolumetricClouds/CloudWeatherTexture.uasset" 129
"../../../Engine/Content/EngineSky/VolumetricClouds/CloudGradientTexture.uasset" 130
"../../../Engine/Content/EngineSky/VolumetricClouds/m_SimpleVolumetricCloud.uasset" 131
"../../../Engine/Content/EngineSky/VolumetricClouds/m_SimpleVolumetricCloud_Inst.uasset" 132
"../../../Engine/Content/EngineSounds/Master.uasset" 133
"../../../Engine/Content/Functions/Engine_MaterialFunctions01/Shading/PowerToRoughness.uasset" 134
"../../../Engine/Content/Maps/Templates/Thumbnails/Default.uasset" 135
"../../../Engine/Content/Maps/Templates/Thumbnails/TimeOfDay.uasset" 136
"../../../Engine/Content/Maps/Templates/Thumbnails/VR-Basic.uasset" 137
"../../../Engine/Content/MobileResources/T_MobileControls_texture.uasset" 138
"../../../Engine/Content/MobileResources/T_MobileMenu2.uasset" 139
"../../../Engine/Content/MobileResources/HUD/AnalogHat.uasset" 140
"../../../Engine/Content/MobileResources/HUD/VirtualJoystick_Thumb.uasset" 141
"../../../Engine/Content/MobileResources/HUD/VirtualJoystick_Background.uasset" 142
"../../../Engine/Content/MobileResources/HUD/DefaultVirtualJoysticks.uasset" 143
"../../../Engine/Content/MobileResources/HUD/LeftVirtualJoystickOnly.uasset" 144
"../../../Engine/Content/MobileResources/HUD/MobileHUDButton1_off.uasset" 145
"../../../Engine/Content/MobileResources/HUD/MobileHUDButton1_on.uasset" 146
"../../../Engine/Content/MobileResources/HUD/MobileHUDButton2_off.uasset" 147
"../../../Engine/Content/MobileResources/HUD/MobileHUDButton2_on.uasset" 148
"../../../Engine/Content/MobileResources/HUD/MobileHUDButton3.uasset" 149
"../../../Engine/Content/MobileResources/HUD/MobileHUDButtonFire.uasset" 150
"../../../Engine/Content/MobileResources/HUD/MobileHUDDirectionPad.uasset" 151
"../../../Engine/Content/MobileResources/HUD/MobileHUDDirectionPad2.uasset" 152
"../../../Engine/Content/MobileResources/HUD/MobileHUDDirectionPad3.uasset" 153
"../../../Engine/Content/MobileResources/HUD/MobileHUDDirectionStick.uasset" 154
"../../../Engine/Content/MobileResources/HUD/T_Castle_ThumbstickInner.uasset" 155
"../../../Engine/Content/MobileResources/HUD/T_Castle_ThumbstickOutter.uasset" 156
"../../../Engine/Content/Tutorial/ContentIntroCurve.uasset" 157
"../../../Engine/Content/Tutorial/Basics/LevelEditorAttract.uasset" 158
"../../../Engine/Content/Tutorial/Basics/TutorialAssets/icon_tab_Levels_40x.uasset" 159
"../../../Engine/Content/Tutorial/Basics/LevelEditorOverview.uasset" 160
"../../../Engine/Content/Tutorial/BlueprintTutorials/TutorialAssets/Blueprint_64x.uasset" 161
"../../../Engine/Content/Tutorial/BlueprintTutorials/BlueprintEditorTutorial.uasset" 162
"../../../Engine/Content/Tutorial/BlueprintTutorials/LevelBlueprintEditorOverview.uasset" 163
"../../../Engine/Content/VREditor/TransformGizmo/TranslucentTransformGizmoMaterial.uasset" 164
"../../../Engine/Content/VREditor/LaserPointer/VR_LaserPower_01.uasset" 165
"../../../Engine/Content/VREditor/TransformGizmo/TransformGizmoMaterial.uasset" 166
"../../../Engine/Content/VREditor/TransformGizmo/BoundingBoxCorner.uasset" 167
"../../../Engine/Content/VREditor/TransformGizmo/BoundingBoxEdge.uasset" 168
"../../../Engine/Content/VREditor/TransformGizmo/PlaneTranslationHandle.uasset" 169
"../../../Engine/Content/VREditor/TransformGizmo/Xray.uasset" 170
"../../../Engine/Content/VREditor/TransformGizmo/Main.uasset" 171
"../../../Engine/Content/VREditor/TransformGizmo/SM_Sequencer_Key.uasset" 172
"../../../Engine/Content/VREditor/TransformGizmo/SM_Sequencer_Node.uasset" 173
"../../Plugins/2D/Paper2D/Content/PlaceholderTextures/DummySpriteTexture.uasset" 174
"../../Plugins/2D/Paper2D/Content/DummySprite.uasset" 175
"../../Plugins/2D/Paper2D/Content/DefaultPaperTerrainMaterial.uasset" 176
"../../Plugins/2D/Paper2D/Content/DefaultSpriteMaterial.uasset" 177
"../../Plugins/2D/Paper2D/Content/MaskedUnlitSpriteMaterial.uasset" 178
"../../Plugins/2D/Paper2D/Content/OpaqueUnlitSpriteMaterial.uasset" 179
"../../../Engine/Content/Functions/Engine_MaterialFunctions02/ObjectLocalBounds.uasset" 180
"../../../Engine/Content/Functions/Engine_MaterialFunctions02/Utility/BreakOutFloat3Components.uasset" 181
"../../Plugins/Editor/SpeedTreeImporter/Content/SpeedTree9/game_wind_noise.uasset" 182
"../../Plugins/Editor/SpeedTreeImporter/Content/SpeedTree9/SpeedTreeBillboard.uasset" 183
"../../../Engine/Content/Functions/Engine_MaterialFunctions02/SafeNormalize.uasset" 184
"../../Plugins/Editor/SpeedTreeImporter/Content/SpeedTree9/SpeedTreeWindMotion.uasset" 185
"../../Plugins/Editor/SpeedTreeImporter/Content/SpeedTree9/UnpackDirection.uasset" 186
"../../Plugins/Editor/SpeedTreeImporter/Content/SpeedTree9/UnpackInteger3.uasset" 187
"../../Plugins/Editor/SpeedTreeImporter/Content/SpeedTree9/SpeedTreeBranchMotion.uasset" 188
"../../../Engine/Content/Functions/Engine_MaterialFunctions02/UVs/BoundingBoxBased_0-1_UVW.uasset" 189
"../../Plugins/Editor/SpeedTreeImporter/Content/SpeedTree9/SpeedTreeWind.uasset" 190
"../../../Engine/Content/EngineResources/DefaultTexture.uasset" 191
"../../Plugins/Editor/SpeedTreeImporter/Content/SpeedTree9/SpeedTreeBillboardMaster.uasset" 192
"../../Plugins/Editor/SpeedTreeImporter/Content/SpeedTree9/SpeedTreeCameraFacing.uasset" 193
"../../Plugins/Editor/SpeedTreeImporter/Content/SpeedTree9/SpeedTreeMaster.uasset" 194
"../../../Engine/Content/ArtTools/RenderToTexture/Materials/Debug/M_Emissive_Color.uasset" 195
"../../../Engine/Content/BasicShapes/Cylinder.uasset" 196
"../../Plugins/Lumin/MagicLeapPassableWorld/Content/MagicLeapARPinInfoActor.uasset" 197
"../../../Engine/Content/Functions/Engine_MaterialFunctions02/Utility/MakeFloat3.uasset" 198
"../../../Engine/Content/Functions/Engine_MaterialFunctions02/Utility/BreakOutFloat4Components.uasset" 199
"../../Plugins/Runtime/Oculus/OculusVR/Content/Materials/OculusMR_ChromaKey.uasset" 200
"../../Plugins/Runtime/Oculus/OculusVR/Content/Materials/OculusMR_OpaqueColoredMaterial.uasset" 201
"../../Plugins/Runtime/Oculus/OculusVR/Content/Materials/PokeAHoleMaterial.uasset" 202
"../../../Engine/Content/EngineSky/T_Sky_Stars.uasset" 203
"../../../Engine/Content/EngineSky/T_Sky_Clouds_M.uasset" 204
"../../../Engine/Content/EngineSky/T_Sky_Blue.uasset" 205
"../../../Engine/Content/EngineSky/M_Sky_Panning_Clouds2.uasset" 206
"../../../../../UE4_projects/Somnium_Dev_TT/Content/ThirdPersonCPP/Maps/ThirdPersonExampleMap_BuiltData.uasset" 207
"../../../Engine/Content/EditorBlueprintResources/StandardMacros.uasset" 208
"../../../Engine/Content/EngineSky/SM_SkySphere.uasset" 209
"../../../Engine/Content/EngineSky/C_Sky_Zenith_Color.uasset" 210
"../../../Engine/Content/EngineSky/C_Sky_Horizon_Color.uasset" 211
"../../../Engine/Content/EngineSky/C_Sky_Cloud_Color.uasset" 212
"../../../Engine/Content/EngineSky/BP_Sky_Sphere.uasset" 213
"../../../../../UE4_projects/Somnium_Dev_TT/Content/Geometry/Meshes/TemplateFloor.uasset" 214
"../../../../../UE4_projects/Somnium_Dev_TT/Content/Geometry/Meshes/1M_Cube.uasset" 215
"../../../Engine/Content/BasicShapes/Cube.uasset" 216
"../../../../../UE4_projects/Somnium_Dev_TT/Content/Mannequin/Character/Materials/MaterialLayers/T_ML_Rubber_Blue_01_D.uasset" 217
"../../../../../UE4_projects/Somnium_Dev_TT/Content/Button/M_Color.uasset" 218
"../../../../../UE4_projects/Somnium_Dev_TT/Content/Camera/BP_Camera.uasset" 219
"../../../../../UE4_projects/Somnium_Dev_TT/Content/Widgets/WBP_Scoreboard.uasset" 220
"../../../../../UE4_projects/Somnium_Dev_TT/Content/Widgets/WBP_ScoreboardLine.uasset" 221
"../../../../../UE4_projects/Somnium_Dev_TT/Content/Widgets/WBP_CountDown.uasset" 222
"../../../../../UE4_projects/Somnium_Dev_TT/Content/Blueprints/PC_Tag.uasset" 223
"../../../../../UE4_projects/Somnium_Dev_TT/Content/PlayerSpawner/BP_PlayerSpawner.uasset" 224
"../../../../../UE4_projects/Somnium_Dev_TT/Content/ThirdPersonCPP/Blueprints/GM_Somnium.uasset" 225
"../../../../../UE4_projects/Somnium_Dev_TT/Content/Blueprints/PS_Info.uasset" 226
"../../../../../UE4_projects/Somnium_Dev_TT/Content/Widgets/WBP_MyScoreCounter.uasset" 227
"../../../../../UE4_projects/Somnium_Dev_TT/Content/Widgets/WBP_Jump.uasset" 228
"../../../../../UE4_projects/Somnium_Dev_TT/Content/Mannequin/Animations/ThirdPersonJump_Start.uasset" 229
"../../../../../UE4_projects/Somnium_Dev_TT/Content/Mannequin/Animations/ThirdPersonJump_Loop.uasset" 230
"../../../../../UE4_projects/Somnium_Dev_TT/Content/Mannequin/Animations/ThirdPersonJump_End.uasset" 231
"../../../../../UE4_projects/Somnium_Dev_TT/Content/Mannequin/Animations/ThirdPersonWalk.uasset" 232
"../../../../../UE4_projects/Somnium_Dev_TT/Content/Mannequin/Animations/ThirdPersonRun.uasset" 233
"../../../../../UE4_projects/Somnium_Dev_TT/Content/Mannequin/Animations/ThirdPersonIdle.uasset" 234
"../../../../../UE4_projects/Somnium_Dev_TT/Content/Mannequin/Animations/ThirdPerson_IdleRun_2D.uasset" 235
"../../../../../UE4_projects/Somnium_Dev_TT/Content/Mannequin/Animations/ThirdPerson_AnimBP.uasset" 236
"../../../Engine/Content/Functions/Engine_MaterialFunctions02/Utility/BlendAngleCorrectedNormals.uasset" 237
"../../../Engine/Content/Functions/MaterialLayerFunctions/MatLayerBlend_Simple.uasset" 238
"../../../Engine/Content/Functions/MaterialLayerFunctions/MatLayerBlend_NormalBlend.uasset" 239
"../../../../../UE4_projects/Somnium_Dev_TT/Content/Mannequin/Character/Materials/MaterialLayers/T_ML_Rubber_Blue_01_N.uasset" 240
"../../../../../UE4_projects/Somnium_Dev_TT/Content/Mannequin/Character/Materials/MaterialLayers/ML_GlossyBlack_Latex_UE4.uasset" 241
"../../../../../UE4_projects/Somnium_Dev_TT/Content/Mannequin/Character/Materials/MaterialLayers/ML_Plastic_Shiny_Beige.uasset" 242
"../../../../../UE4_projects/Somnium_Dev_TT/Content/Mannequin/Character/Materials/MaterialLayers/T_ML_Aluminum01.uasset" 243
"../../../../../UE4_projects/Somnium_Dev_TT/Content/Mannequin/Character/Materials/MaterialLayers/T_ML_Aluminum01_N.uasset" 244
"../../../../../UE4_projects/Somnium_Dev_TT/Content/Mannequin/Character/Materials/MaterialLayers/ML_SoftMetal_UE4.uasset" 245
"../../../../../UE4_projects/Somnium_Dev_TT/Content/Mannequin/Character/Textures/T_UE4_Mannequin_Mobile_N.uasset" 246
"../../../../../UE4_projects/Somnium_Dev_TT/Content/Mannequin/Character/Textures/T_UE4_Mannequin_Mobile_M.uasset" 247
"../../../../../UE4_projects/Somnium_Dev_TT/Content/Mannequin/Character/Textures/UE4_LOGO_CARD.uasset" 248
"../../../../../UE4_projects/Somnium_Dev_TT/Content/Mannequin/Character/Materials/MaterialLayers/ML_Plastic_Shiny_Beige_LOGO.uasset" 249
"../../../../../UE4_projects/Somnium_Dev_TT/Content/Mannequin/Character/Materials/M_UE4Man_Body.uasset" 250
"../../../../../UE4_projects/Somnium_Dev_TT/Content/Mannequin/Character/Textures/UE4Man_Logo_N.uasset" 251
"../../../../../UE4_projects/Somnium_Dev_TT/Content/Mannequin/Character/Materials/M_UE4Man_ChestLogo.uasset" 252
"../../../../../UE4_projects/Somnium_Dev_TT/Content/Mannequin/Character/Mesh/SK_Mannequin.uasset" 253
"../../../../../UE4_projects/Somnium_Dev_TT/Content/ThirdPersonCPP/Blueprints/ThirdPersonCharacter.uasset" 254
"../../../../../UE4_projects/Somnium_Dev_TT/Content/Button/BP_Button.uasset" 255
"../../../../../UE4_projects/Somnium_Dev_TT/Content/ThirdPersonCPP/Maps/ThirdPersonExampleMap.umap" 256
"../../../Engine/Content/Maps/Entry_BuiltData.uasset" 257
"../../../Engine/Content/Maps/Entry.umap" 258
